This file contains any messages produced by compilers while
running configure, to aid debugging if configure makes a mistake.

It was created by scrypt configure 1.3.0, which was
generated by GNU Autoconf 2.69.  Invocation command line was

  $ ./configure 

## --------- ##
## Platform. ##
## --------- ##

hostname = bmh-Latitude-E6410
uname -m = x86_64
uname -r = 5.3.0-29-generic
uname -s = Linux
uname -v = #31-Ubuntu SMP Fri Jan 17 17:27:26 UTC 2020

/usr/bin/uname -p = unknown
/bin/uname -X     = unknown

/bin/arch              = unknown
/usr/bin/arch -k       = unknown
/usr/convex/getsysinfo = unknown
/usr/bin/hostinfo      = unknown
/bin/machine           = unknown
/usr/bin/oslevel       = unknown
/bin/universe          = unknown

PATH: /home/bmh/.local/bin
PATH: /usr/local/sbin
PATH: /usr/local/bin
PATH: /usr/sbin
PATH: /usr/bin
PATH: /sbin
PATH: /bin
PATH: /usr/games
PATH: /usr/local/games
PATH: /snap/bin


## ----------- ##
## Core tests. ##
## ----------- ##

configure:2386: checking for a BSD-compatible install
configure:2454: result: /usr/bin/install -c
configure:2465: checking whether build environment is sane
configure:2520: result: yes
configure:2669: checking for a thread-safe mkdir -p
configure:2708: result: /bin/mkdir -p
configure:2715: checking for gawk
configure:2745: result: no
configure:2715: checking for mawk
configure:2731: found /usr/bin/mawk
configure:2742: result: mawk
configure:2753: checking whether make sets $(MAKE)
configure:2775: result: yes
configure:2804: checking whether make supports nested variables
configure:2821: result: yes
configure:2953: checking whether make supports the include directive
configure:2968: make -f confmf.GNU && cat confinc.out
this is the am__doit target
configure:2971: $? = 0
configure:2990: result: yes (GNU style)
configure:3060: checking for gcc
configure:3076: found /usr/bin/gcc
configure:3087: result: gcc
configure:3316: checking for C compiler version
configure:3325: gcc --version >&5
gcc (Ubuntu 9.2.1-9ubuntu2) 9.2.1 20191008
Copyright (C) 2019 Free Software Foundation, Inc.
This is free software; see the source for copying conditions.  There is NO
warranty; not even for MERCHANTABILITY or FITNESS FOR A PARTICULAR PURPOSE.

configure:3336: $? = 0
configure:3325: gcc -v >&5
Using built-in specs.
COLLECT_GCC=gcc
COLLECT_LTO_WRAPPER=/usr/lib/gcc/x86_64-linux-gnu/9/lto-wrapper
OFFLOAD_TARGET_NAMES=nvptx-none:hsa
OFFLOAD_TARGET_DEFAULT=1
Target: x86_64-linux-gnu
Configured with: ../src/configure -v --with-pkgversion='Ubuntu 9.2.1-9ubuntu2' --with-bugurl=file:///usr/share/doc/gcc-9/README.Bugs --enable-languages=c,ada,c++,go,brig,d,fortran,objc,obj-c++,gm2 --prefix=/usr --with-gcc-major-version-only --program-suffix=-9 --program-prefix=x86_64-linux-gnu- --enable-shared --enable-linker-build-id --libexecdir=/usr/lib --without-included-gettext --enable-threads=posix --libdir=/usr/lib --enable-nls --enable-bootstrap --enable-clocale=gnu --enable-libstdcxx-debug --enable-libstdcxx-time=yes --with-default-libstdcxx-abi=new --enable-gnu-unique-object --disable-vtable-verify --enable-plugin --enable-default-pie --with-system-zlib --with-target-system-zlib=auto --enable-multiarch --disable-werror --with-arch-32=i686 --with-abi=m64 --with-multilib-list=m32,m64,mx32 --enable-multilib --with-tune=generic --enable-offload-targets=nvptx-none,hsa --without-cuda-driver --enable-checking=release --build=x86_64-linux-gnu --host=x86_64-linux-gnu --target=x86_64-linux-gnu
Thread model: posix
gcc version 9.2.1 20191008 (Ubuntu 9.2.1-9ubuntu2) 
configure:3336: $? = 0
configure:3325: gcc -V >&5
gcc: error: unrecognized command line option '-V'
gcc: fatal error: no input files
compilation terminated.
configure:3336: $? = 1
configure:3325: gcc -qversion >&5
gcc: error: unrecognized command line option '-qversion'; did you mean '--version'?
gcc: fatal error: no input files
compilation terminated.
configure:3336: $? = 1
configure:3356: checking whether the C compiler works
configure:3378: gcc    conftest.c  >&5
configure:3382: $? = 0
configure:3430: result: yes
configure:3433: checking for C compiler default output file name
configure:3435: result: a.out
configure:3441: checking for suffix of executables
configure:3448: gcc -o conftest    conftest.c  >&5
configure:3452: $? = 0
configure:3474: result: 
configure:3496: checking whether we are cross compiling
configure:3504: gcc -o conftest    conftest.c  >&5
configure:3508: $? = 0
configure:3515: ./conftest
configure:3519: $? = 0
configure:3507: result: no
configure:3512: checking for suffix of object files
configure:3534: gcc -c   conftest.c >&5
configure:3538: $? = 0
configure:3559: result: o
configure:3563: checking whether we are using the GNU C compiler
configure:3582: gcc -c   conftest.c >&5
configure:3582: $? = 0
configure:3591: result: yes
configure:3600: checking whether gcc accepts -g
configure:3620: gcc -c -g  conftest.c >&5
configure:3620: $? = 0
configure:3661: result: yes
configure:3678: checking for gcc option to accept ISO C89
configure:3741: gcc  -c -g -O2  conftest.c >&5
configure:3741: $? = 0
configure:3754: result: none needed
configure:3779: checking whether gcc understands -c and -o together
configure:3801: gcc -c conftest.c -o conftest2.o
configure:3804: $? = 0
configure:3801: gcc -c conftest.c -o conftest2.o
configure:3804: $? = 0
configure:3816: result: yes
configure:3835: checking dependency style of gcc
configure:3946: result: gcc3
configure:3961: checking for gcc option to accept ISO C99
configure:4110: gcc  -c -g -O2  conftest.c >&5
configure:4110: $? = 0
configure:4123: result: none needed
configure:4188: checking for ar
configure:4204: found /usr/bin/ar
configure:4215: result: ar
configure:4241: checking the archiver (ar) interface
configure:4257: gcc -c -g -O2  conftest.c >&5
configure:4257: $? = 0
configure:4259: ar cru libconftest.a conftest.o >&5
ar: `u' modifier ignored since `D' is the default (see `U')
configure:4262: $? = 0
configure:4261: result: ar
configure:4310: checking build system type
configure:4324: result: x86_64-pc-linux-gnu
configure:4344: checking host system type
configure:4357: result: x86_64-pc-linux-gnu
configure:4398: checking how to print strings
configure:4425: result: printf
configure:4446: checking for a sed that does not truncate output
configure:4510: result: /bin/sed
configure:4528: checking for grep that handles long lines and -e
configure:4586: result: /bin/grep
configure:4591: checking for egrep
configure:4653: result: /bin/grep -E
configure:4658: checking for fgrep
configure:4720: result: /bin/grep -F
configure:4755: checking for ld used by gcc
configure:4822: result: /usr/bin/ld
configure:4829: checking if the linker (/usr/bin/ld) is GNU ld
configure:4844: result: yes
configure:4856: checking for BSD- or MS-compatible name lister (nm)
configure:4910: result: /usr/bin/nm -B
configure:5040: checking the name lister (/usr/bin/nm -B) interface
configure:5047: gcc -c -g -O2  conftest.c >&5
configure:5050: /usr/bin/nm -B "conftest.o"
configure:5053: output
0000000000000000 B some_variable
configure:5054: result: BSD nm
configure:5057: checking whether ln -s works
configure:5061: result: yes
configure:5069: checking the maximum length of command line arguments
configure:5200: result: 1572864
configure:5248: checking how to convert x86_64-pc-linux-gnu file names to x86_64-pc-linux-gnu format
configure:5288: result: func_convert_file_noop
configure:5295: checking how to convert x86_64-pc-linux-gnu file names to toolchain format
configure:5315: result: func_convert_file_noop
configure:5322: checking for /usr/bin/ld option to reload object files
configure:5329: result: -r
configure:5403: checking for objdump
configure:5419: found /usr/bin/objdump
configure:5430: result: objdump
configure:5462: checking how to recognize dependent libraries
configure:5662: result: pass_all
configure:5747: checking for dlltool
configure:5777: result: no
configure:5807: checking how to associate runtime and link libraries
configure:5834: result: printf %s\n
configure:5958: checking for archiver @FILE support
configure:5975: gcc -c -g -O2  conftest.c >&5
configure:5975: $? = 0
configure:5978: ar cru libconftest.a @conftest.lst >&5
ar: `u' modifier ignored since `D' is the default (see `U')
configure:5981: $? = 0
configure:5986: ar cru libconftest.a @conftest.lst >&5
ar: `u' modifier ignored since `D' is the default (see `U')
ar: conftest.o: No such file or directory
configure:5989: $? = 1
configure:5988: result: @
configure:6046: checking for strip
configure:6062: found /usr/bin/strip
configure:6073: result: strip
configure:6145: checking for ranlib
configure:6161: found /usr/bin/ranlib
configure:6172: result: ranlib
configure:6274: checking command to parse /usr/bin/nm -B output from gcc object
configure:6427: gcc -c -g -O2  conftest.c >&5
configure:6430: $? = 0
configure:6434: /usr/bin/nm -B conftest.o \| sed -n -e 's/^.*[ ]\([ABCDGIRSTW][ABCDGIRSTW]*\)[ ][ ]*\([_A-Za-z][_A-Za-z0-9]*\)$/\1 \2 \2/p' | sed '/ __gnu_lto/d' \> conftest.nm
configure:6437: $? = 0
configure:6503: gcc -o conftest -g -O2   conftest.c conftstm.o >&5
configure:6506: $? = 0
configure:6544: result: ok
configure:6591: checking for sysroot
configure:6621: result: no
configure:6628: checking for a working dd
configure:6666: result: /bin/dd
configure:6670: checking how to truncate binary pipes
configure:6685: result: /bin/dd bs=4096 count=1
configure:6821: gcc -c -g -O2  conftest.c >&5
configure:6824: $? = 0
configure:7014: checking for mt
configure:7030: found /bin/mt
configure:7041: result: mt
configure:7064: checking if mt is a manifest tool
configure:7070: mt '-?'
configure:7078: result: no
configure:7755: checking how to run the C preprocessor
configure:7786: gcc -E  conftest.c
configure:7786: $? = 0
configure:7800: gcc -E  conftest.c
conftest.c:11:10: fatal error: ac_nonexistent.h: No such file or directory
   11 | #include <ac_nonexistent.h>
      |          ^~~~~~~~~~~~~~~~~~
compilation terminated.
configure:7800: $? = 1
configure: failed program was:
| /* confdefs.h */
| #define PACKAGE_NAME "scrypt"
| #define PACKAGE_TARNAME "scrypt"
| #define PACKAGE_VERSION "1.3.0"
| #define PACKAGE_STRING "scrypt 1.3.0"
| #define PACKAGE_BUGREPORT "https://github.com/Tarsnap/scrypt"
| #define PACKAGE_URL "http://www.tarsnap.com/scrypt/"
| #define PACKAGE "scrypt"
| #define VERSION "1.3.0"
| /* end confdefs.h.  */
| #include <ac_nonexistent.h>
configure:7825: result: gcc -E
configure:7845: gcc -E  conftest.c
configure:7845: $? = 0
configure:7859: gcc -E  conftest.c
conftest.c:11:10: fatal error: ac_nonexistent.h: No such file or directory
   11 | #include <ac_nonexistent.h>
      |          ^~~~~~~~~~~~~~~~~~
compilation terminated.
configure:7859: $? = 1
configure: failed program was:
| /* confdefs.h */
| #define PACKAGE_NAME "scrypt"
| #define PACKAGE_TARNAME "scrypt"
| #define PACKAGE_VERSION "1.3.0"
| #define PACKAGE_STRING "scrypt 1.3.0"
| #define PACKAGE_BUGREPORT "https://github.com/Tarsnap/scrypt"
| #define PACKAGE_URL "http://www.tarsnap.com/scrypt/"
| #define PACKAGE "scrypt"
| #define VERSION "1.3.0"
| /* end confdefs.h.  */
| #include <ac_nonexistent.h>
configure:7888: checking for ANSI C header files
configure:7908: gcc -c -g -O2  conftest.c >&5
configure:7908: $? = 0
configure:7981: gcc -o conftest -g -O2   conftest.c  >&5
configure:7981: $? = 0
configure:7981: ./conftest
configure:7981: $? = 0
configure:7992: result: yes
configure:8005: checking for sys/types.h
configure:8005: gcc -c -g -O2  conftest.c >&5
configure:8005: $? = 0
configure:8005: result: yes
configure:8005: checking for sys/stat.h
configure:8005: gcc -c -g -O2  conftest.c >&5
configure:8005: $? = 0
configure:8005: result: yes
configure:8005: checking for stdlib.h
configure:8005: gcc -c -g -O2  conftest.c >&5
configure:8005: $? = 0
configure:8005: result: yes
configure:8005: checking for string.h
configure:8005: gcc -c -g -O2  conftest.c >&5
configure:8005: $? = 0
configure:8005: result: yes
configure:8005: checking for memory.h
configure:8005: gcc -c -g -O2  conftest.c >&5
configure:8005: $? = 0
configure:8005: result: yes
configure:8005: checking for strings.h
configure:8005: gcc -c -g -O2  conftest.c >&5
configure:8005: $? = 0
configure:8005: result: yes
configure:8005: checking for inttypes.h
configure:8005: gcc -c -g -O2  conftest.c >&5
configure:8005: $? = 0
configure:8005: result: yes
configure:8005: checking for stdint.h
configure:8005: gcc -c -g -O2  conftest.c >&5
configure:8005: $? = 0
configure:8005: result: yes
configure:8005: checking for unistd.h
configure:8005: gcc -c -g -O2  conftest.c >&5
configure:8005: $? = 0
configure:8005: result: yes
configure:8019: checking for dlfcn.h
configure:8019: gcc -c -g -O2  conftest.c >&5
configure:8019: $? = 0
configure:8019: result: yes
configure:8275: checking for objdir
configure:8290: result: .libs
configure:8554: checking if gcc supports -fno-rtti -fno-exceptions
configure:8572: gcc -c -g -O2  -fno-rtti -fno-exceptions conftest.c >&5
cc1: warning: command line option '-fno-rtti' is valid for C++/D/ObjC++ but not for C
configure:8576: $? = 0
configure:8589: result: no
configure:8947: checking for gcc option to produce PIC
configure:8954: result: -fPIC -DPIC
configure:8962: checking if gcc PIC flag -fPIC -DPIC works
configure:8980: gcc -c -g -O2  -fPIC -DPIC -DPIC conftest.c >&5
configure:8984: $? = 0
configure:8997: result: yes
configure:9026: checking if gcc static flag -static works
configure:9054: result: yes
configure:9069: checking if gcc supports -c -o file.o
configure:9090: gcc -c -g -O2  -o out/conftest2.o conftest.c >&5
configure:9094: $? = 0
configure:9116: result: yes
configure:9124: checking if gcc supports -c -o file.o
configure:9171: result: yes
configure:9204: checking whether the gcc linker (/usr/bin/ld -m elf_x86_64) supports shared libraries
configure:10463: result: yes
configure:10500: checking whether -lc should be explicitly linked in
configure:10508: gcc -c -g -O2  conftest.c >&5
configure:10511: $? = 0
configure:10526: gcc -shared  -fPIC -DPIC conftest.o  -v -Wl,-soname -Wl,conftest -o conftest 2\>\&1 \| /bin/grep  -lc  \>/dev/null 2\>\&1
configure:10529: $? = 0
configure:10543: result: no
configure:10703: checking dynamic linker characteristics
configure:11284: gcc -o conftest -g -O2   -Wl,-rpath -Wl,/foo conftest.c  >&5
configure:11284: $? = 0
configure:11521: result: GNU/Linux ld.so
configure:11643: checking how to hardcode library paths into programs
configure:11668: result: immediate
configure:12216: checking whether stripping libraries is possible
configure:12221: result: yes
configure:12256: checking if libtool supports shared libraries
configure:12258: result: yes
configure:12261: checking whether to build shared libraries
configure:12286: result: yes
configure:12289: checking whether to build static libraries
configure:12293: result: yes
configure:9125: checking whether to enable maintainer-specific portions of Makefiles
configure:9134: result: no
configure:9150: checking for library containing AES_encrypt
configure:9181: gcc -o conftest -g -O2   conftest.c  >&5
/usr/bin/ld: /tmp/ccbU8vyg.o: in function `main':
/home/bmh/github/AuCPace/scrypt-1.3.0/conftest.c:34: undefined reference to `AES_encrypt'
collect2: error: ld returned 1 exit status
configure:9181: $? = 1
configure: failed program was:
| /* confdefs.h */
| #define PACKAGE_NAME "scrypt"
| #define PACKAGE_TARNAME "scrypt"
| #define PACKAGE_VERSION "1.3.0"
| #define PACKAGE_STRING "scrypt 1.3.0"
| #define PACKAGE_BUGREPORT "https://github.com/Tarsnap/scrypt"
| #define PACKAGE_URL "http://www.tarsnap.com/scrypt/"
| #define PACKAGE "scrypt"
| #define VERSION "1.3.0"
| #define STDC_HEADERS 1
| #define HAVE_SYS_TYPES_H 1
| #define HAVE_SYS_STAT_H 1
| #define HAVE_STDLIB_H 1
| #define HAVE_STRING_H 1
| #define HAVE_MEMORY_H 1
| #define HAVE_STRINGS_H 1
| #define HAVE_INTTYPES_H 1
| #define HAVE_STDINT_H 1
| #define HAVE_UNISTD_H 1
| #define HAVE_DLFCN_H 1
| #define LT_OBJDIR ".libs/"
| /* end confdefs.h.  */
| 
| /* Override any GCC internal prototype to avoid an error.
|    Use char because int might match the return type of a GCC
|    builtin and then its argument prototype would still apply.  */
| #ifdef __cplusplus
| extern "C"
| #endif
| char AES_encrypt ();
| int
| main ()
| {
| return AES_encrypt ();
|   ;
|   return 0;
| }
configure:9181: gcc -o conftest -g -O2   conftest.c -lcrypto   >&5
configure:9181: $? = 0
configure:9198: result: -lcrypto
configure:9214: checking sys/sysinfo.h usability
configure:9214: gcc -c -g -O2  conftest.c >&5
configure:9214: $? = 0
configure:9214: result: yes
configure:9214: checking sys/sysinfo.h presence
configure:9214: gcc -E  conftest.c
configure:9214: $? = 0
configure:9214: result: yes
configure:9214: checking for sys/sysinfo.h
configure:9214: result: yes
configure:9226: checking for sysinfo
configure:9226: gcc -o conftest -g -O2   conftest.c -lcrypto  >&5
configure:9226: $? = 0
configure:9226: result: yes
configure:9235: checking for struct sysinfo
configure:9235: gcc -c -g -O2  conftest.c >&5
configure:9235: $? = 0
configure:9235: gcc -c -g -O2  conftest.c >&5
conftest.c: In function 'main':
conftest.c:30:29: error: expected expression before ')' token
   30 | if (sizeof ((struct sysinfo)))
      |                             ^
configure:9235: $? = 1
configure: failed program was:
| /* confdefs.h */
| #define PACKAGE_NAME "scrypt"
| #define PACKAGE_TARNAME "scrypt"
| #define PACKAGE_VERSION "1.3.0"
| #define PACKAGE_STRING "scrypt 1.3.0"
| #define PACKAGE_BUGREPORT "https://github.com/Tarsnap/scrypt"
| #define PACKAGE_URL "http://www.tarsnap.com/scrypt/"
| #define PACKAGE "scrypt"
| #define VERSION "1.3.0"
| #define STDC_HEADERS 1
| #define HAVE_SYS_TYPES_H 1
| #define HAVE_SYS_STAT_H 1
| #define HAVE_STDLIB_H 1
| #define HAVE_STRING_H 1
| #define HAVE_MEMORY_H 1
| #define HAVE_STRINGS_H 1
| #define HAVE_INTTYPES_H 1
| #define HAVE_STDINT_H 1
| #define HAVE_UNISTD_H 1
| #define HAVE_DLFCN_H 1
| #define LT_OBJDIR ".libs/"
| #define HAVE_SYS_SYSINFO_H 1
| #define HAVE_SYSINFO 1
| /* end confdefs.h.  */
| #include <sys/sysinfo.h>
| 
| int
| main ()
| {
| if (sizeof ((struct sysinfo)))
| 	    return 0;
|   ;
|   return 0;
| }
configure:9235: result: yes
configure:9246: checking for struct sysinfo.totalram
configure:9246: gcc -c -g -O2  conftest.c >&5
configure:9246: $? = 0
configure:9246: result: yes
configure:9256: checking for struct sysinfo.mem_unit
configure:9256: gcc -c -g -O2  conftest.c >&5
configure:9256: $? = 0
configure:9256: result: yes
configure:9272: checking sys/param.h usability
configure:9272: gcc -c -g -O2  conftest.c >&5
configure:9272: $? = 0
configure:9272: result: yes
configure:9272: checking sys/param.h presence
configure:9272: gcc -E  conftest.c
configure:9272: $? = 0
configure:9272: result: yes
configure:9272: checking for sys/param.h
configure:9272: result: yes
configure:9287: checking openssl/aes.h usability
configure:9287: gcc -c -g -O2  conftest.c >&5
configure:9287: $? = 0
configure:9287: result: yes
configure:9287: checking openssl/aes.h presence
configure:9287: gcc -E  conftest.c
configure:9287: $? = 0
configure:9287: result: yes
configure:9287: checking for openssl/aes.h
configure:9287: result: yes
configure:9304: checking sys/sysctl.h usability
configure:9304: gcc -c -g -O2  conftest.c >&5
In file included from conftest.c:63:
/usr/include/x86_64-linux-gnu/sys/sysctl.h:21:2: warning: #warning "The <sys/sysctl.h> header is deprecated and will be removed." [-Wcpp]
   21 | #warning "The <sys/sysctl.h> header is deprecated and will be removed."
      |  ^~~~~~~
configure:9304: $? = 0
configure:9304: result: yes
configure:9304: checking sys/sysctl.h presence
configure:9304: gcc -E  conftest.c
In file included from conftest.c:30:
/usr/include/x86_64-linux-gnu/sys/sysctl.h:21:2: warning: #warning "The <sys/sysctl.h> header is deprecated and will be removed." [-Wcpp]
   21 | #warning "The <sys/sysctl.h> header is deprecated and will be removed."
      |  ^~~~~~~
configure:9304: $? = 0
configure:9304: result: yes
configure:9304: checking for sys/sysctl.h
configure:9304: result: yes
configure:9318: checking for posix_memalign
configure:9318: gcc -o conftest -g -O2   conftest.c -lcrypto  >&5
conftest.c:54:6: warning: conflicting types for built-in function 'posix_memalign'; expected 'int(void **, long unsigned int,  long unsigned int)' [-Wbuiltin-declaration-mismatch]
   54 | char posix_memalign ();
      |      ^~~~~~~~~~~~~~
configure:9318: $? = 0
configure:9318: result: yes
configure:9331: checking for mmap
configure:9331: gcc -o conftest -g -O2   conftest.c -lcrypto  >&5
configure:9331: $? = 0
configure:9331: result: yes
configure:9348: checking for special C compiler options needed for large files
configure:9393: result: no
configure:9399: checking for _FILE_OFFSET_BITS value needed for large files
configure:9424: gcc -c -g -O2  conftest.c >&5
configure:9424: $? = 0
configure:9456: result: no
configure:9543: checking compiler_warnings
configure:9552: result: yes
configure:9561: checking CFLAGS for maximum warnings
configure:9581: gcc -c -g -O2 -warn all  -warn all  conftest.c >&5
gcc: error: all: No such file or directory
gcc: error: all: No such file or directory
gcc: error: unrecognized command line option '-warn'; did you mean '--warn-'?
gcc: error: unrecognized command line option '-warn'; did you mean '--warn-'?
configure:9581: $? = 1
configure: failed program was:
| /* confdefs.h */
| #define PACKAGE_NAME "scrypt"
| #define PACKAGE_TARNAME "scrypt"
| #define PACKAGE_VERSION "1.3.0"
| #define PACKAGE_STRING "scrypt 1.3.0"
| #define PACKAGE_BUGREPORT "https://github.com/Tarsnap/scrypt"
| #define PACKAGE_URL "http://www.tarsnap.com/scrypt/"
| #define PACKAGE "scrypt"
| #define VERSION "1.3.0"
| #define STDC_HEADERS 1
| #define HAVE_SYS_TYPES_H 1
| #define HAVE_SYS_STAT_H 1
| #define HAVE_STDLIB_H 1
| #define HAVE_STRING_H 1
| #define HAVE_MEMORY_H 1
| #define HAVE_STRINGS_H 1
| #define HAVE_INTTYPES_H 1
| #define HAVE_STDINT_H 1
| #define HAVE_UNISTD_H 1
| #define HAVE_DLFCN_H 1
| #define LT_OBJDIR ".libs/"
| #define HAVE_SYS_SYSINFO_H 1
| #define HAVE_SYSINFO 1
| #define HAVE_STRUCT_SYSINFO 1
| #define HAVE_STRUCT_SYSINFO_TOTALRAM 1
| #define HAVE_STRUCT_SYSINFO_MEM_UNIT 1
| #define HAVE_SYS_PARAM_H 1
| #define HAVE_OPENSSL_AES_H 1
| #define HAVE_SYS_SYSCTL_H 1
| #define HAVE_POSIX_MEMALIGN 1
| #define HAVE_MMAP 1
| /* end confdefs.h.  */
| 
| int
| main ()
| {
| 
|   ;
|   return 0;
| }
configure:9581: gcc -c -g -O2 -pedantic  -Wall  conftest.c >&5
configure:9581: $? = 0
configure:9589: result: -Wall
configure:9609: : CFLAGS="$CFLAGS"
configure:9612: $? = 0
configure:9640: checking POSIX compatibility...
configure:9647: result: ... done checking POSIX compatibility
configure:9770: checking that generated files are newer than configure
configure:9776: result: done
configure:9807: creating ./config.status

## ---------------------- ##
## Running config.status. ##
## ---------------------- ##

This file was extended by scrypt config.status 1.3.0, which was
generated by GNU Autoconf 2.69.  Invocation command line was

  CONFIG_FILES    = 
  CONFIG_HEADERS  = 
  CONFIG_LINKS    = 
  CONFIG_COMMANDS = 
  $ ./config.status 

on bmh-Latitude-E6410

config.status:1097: creating Makefile
config.status:1097: creating config.h
config.status:1326: executing depfiles commands
config.status:1403: cd .       && sed -e '/# am--include-marker/d' Makefile         | make -f - am--depfiles
config.status:1408: $? = 0
config.status:1326: executing libtool commands

## ---------------- ##
## Cache variables. ##
## ---------------- ##

ac_cv_build=x86_64-pc-linux-gnu
ac_cv_c_compiler_gnu=yes
ac_cv_cflags_warn_all=-Wall
ac_cv_env_CC_set=
ac_cv_env_CC_value=
ac_cv_env_CFLAGS_set=
ac_cv_env_CFLAGS_value=
ac_cv_env_CPPFLAGS_set=
ac_cv_env_CPPFLAGS_value=
ac_cv_env_CPP_set=
ac_cv_env_CPP_value=
ac_cv_env_LDFLAGS_set=
ac_cv_env_LDFLAGS_value=
ac_cv_env_LIBS_set=
ac_cv_env_LIBS_value=
ac_cv_env_LT_SYS_LIBRARY_PATH_set=
ac_cv_env_LT_SYS_LIBRARY_PATH_value=
ac_cv_env_build_alias_set=
ac_cv_env_build_alias_value=
ac_cv_env_host_alias_set=
ac_cv_env_host_alias_value=
ac_cv_env_target_alias_set=
ac_cv_env_target_alias_value=
ac_cv_func_mmap=yes
ac_cv_func_posix_memalign=yes
ac_cv_func_sysinfo=yes
ac_cv_header_dlfcn_h=yes
ac_cv_header_inttypes_h=yes
ac_cv_header_memory_h=yes
ac_cv_header_openssl_aes_h=yes
ac_cv_header_stdc=yes
ac_cv_header_stdint_h=yes
ac_cv_header_stdlib_h=yes
ac_cv_header_string_h=yes
ac_cv_header_strings_h=yes
ac_cv_header_sys_param_h=yes
ac_cv_header_sys_stat_h=yes
ac_cv_header_sys_sysctl_h=yes
ac_cv_header_sys_sysinfo_h=yes
ac_cv_header_sys_types_h=yes
ac_cv_header_unistd_h=yes
ac_cv_host=x86_64-pc-linux-gnu
ac_cv_member_struct_sysinfo_mem_unit=yes
ac_cv_member_struct_sysinfo_totalram=yes
ac_cv_objext=o
ac_cv_path_EGREP='/bin/grep -E'
ac_cv_path_FGREP='/bin/grep -F'
ac_cv_path_GREP=/bin/grep
ac_cv_path_SED=/bin/sed
ac_cv_path_install='/usr/bin/install -c'
ac_cv_path_lt_DD=/bin/dd
ac_cv_path_mkdir=/bin/mkdir
ac_cv_prog_AWK=mawk
ac_cv_prog_CPP='gcc -E'
ac_cv_prog_ac_ct_AR=ar
ac_cv_prog_ac_ct_CC=gcc
ac_cv_prog_ac_ct_MANIFEST_TOOL=mt
ac_cv_prog_ac_ct_OBJDUMP=objdump
ac_cv_prog_ac_ct_RANLIB=ranlib
ac_cv_prog_ac_ct_STRIP=strip
ac_cv_prog_cc_c89=
ac_cv_prog_cc_c99=
ac_cv_prog_cc_g=yes
ac_cv_prog_make_make_set=yes
ac_cv_search_AES_encrypt=-lcrypto
ac_cv_sys_file_offset_bits=no
ac_cv_sys_largefile_CC=no
ac_cv_type_struct_sysinfo=yes
am_cv_CC_dependencies_compiler_type=gcc3
am_cv_ar_interface=ar
am_cv_make_support_nested_variables=yes
am_cv_prog_cc_c_o=yes
lt_cv_ar_at_file=@
lt_cv_archive_cmds_need_lc=no
lt_cv_deplibs_check_method=pass_all
lt_cv_file_magic_cmd='$MAGIC_CMD'
lt_cv_file_magic_test_file=
lt_cv_ld_reload_flag=-r
lt_cv_nm_interface='BSD nm'
lt_cv_objdir=.libs
lt_cv_path_LD=/usr/bin/ld
lt_cv_path_NM='/usr/bin/nm -B'
lt_cv_path_mainfest_tool=no
lt_cv_prog_compiler_c_o=yes
lt_cv_prog_compiler_pic='-fPIC -DPIC'
lt_cv_prog_compiler_pic_works=yes
lt_cv_prog_compiler_rtti_exceptions=no
lt_cv_prog_compiler_static_works=yes
lt_cv_prog_gnu_ld=yes
lt_cv_sharedlib_from_linklib_cmd='printf %s\n'
lt_cv_shlibpath_overrides_runpath=yes
lt_cv_sys_global_symbol_pipe='sed -n -e '\''s/^.*[	 ]\([ABCDGIRSTW][ABCDGIRSTW]*\)[	 ][	 ]*\([_A-Za-z][_A-Za-z0-9]*\)$/\1 \2 \2/p'\'' | sed '\''/ __gnu_lto/d'\'''
lt_cv_sys_global_symbol_to_c_name_address='sed -n -e '\''s/^: \(.*\) .*$/  {"\1", (void *) 0},/p'\'' -e '\''s/^[ABCDGIRSTW][ABCDGIRSTW]* .* \(.*\)$/  {"\1", (void *) \&\1},/p'\'''
lt_cv_sys_global_symbol_to_c_name_address_lib_prefix='sed -n -e '\''s/^: \(.*\) .*$/  {"\1", (void *) 0},/p'\'' -e '\''s/^[ABCDGIRSTW][ABCDGIRSTW]* .* \(lib.*\)$/  {"\1", (void *) \&\1},/p'\'' -e '\''s/^[ABCDGIRSTW][ABCDGIRSTW]* .* \(.*\)$/  {"lib\1", (void *) \&\1},/p'\'''
lt_cv_sys_global_symbol_to_cdecl='sed -n -e '\''s/^T .* \(.*\)$/extern int \1();/p'\'' -e '\''s/^[ABCDGIRSTW][ABCDGIRSTW]* .* \(.*\)$/extern char \1;/p'\'''
lt_cv_sys_global_symbol_to_import=
lt_cv_sys_max_cmd_len=1572864
lt_cv_to_host_file_cmd=func_convert_file_noop
lt_cv_to_tool_file_cmd=func_convert_file_noop
lt_cv_truncate_bin='/bin/dd bs=4096 count=1'

## ----------------- ##
## Output variables. ##
## ----------------- ##

ACLOCAL='${SHELL} /home/bmh/github/AuCPace/scrypt-1.3.0/config.aux/missing aclocal-1.16'
AMDEPBACKSLASH='\'
AMDEP_FALSE='#'
AMDEP_TRUE=''
AMTAR='$${TAR-tar}'
AM_BACKSLASH='\'
AM_DEFAULT_V='$(AM_DEFAULT_VERBOSITY)'
AM_DEFAULT_VERBOSITY='1'
AM_V='$(V)'
AR='ar'
AUTOCONF='${SHELL} /home/bmh/github/AuCPace/scrypt-1.3.0/config.aux/missing autoconf'
AUTOHEADER='${SHELL} /home/bmh/github/AuCPace/scrypt-1.3.0/config.aux/missing autoheader'
AUTOMAKE='${SHELL} /home/bmh/github/AuCPace/scrypt-1.3.0/config.aux/missing automake-1.16'
AWK='mawk'
CC='gcc'
CCDEPMODE='depmode=gcc3'
CFLAGS='-g -O2 -Wall'
CFLAGS_POSIX=''
CPP='gcc -E'
CPPFLAGS=''
CYGPATH_W='echo'
DEFS='-DHAVE_CONFIG_H'
DEPDIR='.deps'
DLLTOOL='false'
DSYMUTIL=''
DUMPBIN=''
ECHO_C=''
ECHO_N='-n'
ECHO_T=''
EGREP='/bin/grep -E'
EXEEXT=''
FGREP='/bin/grep -F'
GREP='/bin/grep'
INSTALL_DATA='${INSTALL} -m 644'
INSTALL_PROGRAM='${INSTALL}'
INSTALL_SCRIPT='${INSTALL}'
INSTALL_STRIP_PROGRAM='$(install_sh) -c -s'
LD='/usr/bin/ld -m elf_x86_64'
LDADD_POSIX=''
LDFLAGS=''
LIBOBJS=''
LIBS='-lcrypto '
LIBSCRYPT_KDF_FALSE=''
LIBSCRYPT_KDF_TRUE='#'
LIBTOOL='$(SHELL) $(top_builddir)/libtool'
LIPO=''
LN_S='ln -s'
LTLIBOBJS=''
LT_SYS_LIBRARY_PATH=''
MAINT='#'
MAINTAINER_MODE_FALSE=''
MAINTAINER_MODE_TRUE='#'
MAKEINFO='${SHELL} /home/bmh/github/AuCPace/scrypt-1.3.0/config.aux/missing makeinfo'
MANIFEST_TOOL=':'
MKDIR_P='/bin/mkdir -p'
NM='/usr/bin/nm -B'
NMEDIT=''
OBJDUMP='objdump'
OBJEXT='o'
OTOOL64=''
OTOOL=''
PACKAGE='scrypt'
PACKAGE_BUGREPORT='https://github.com/Tarsnap/scrypt'
PACKAGE_NAME='scrypt'
PACKAGE_STRING='scrypt 1.3.0'
PACKAGE_TARNAME='scrypt'
PACKAGE_URL='http://www.tarsnap.com/scrypt/'
PACKAGE_VERSION='1.3.0'
PATH_SEPARATOR=':'
RANLIB='ranlib'
SED='/bin/sed'
SET_MAKE=''
SHELL='/bin/bash'
STRIP='strip'
VERSION='1.3.0'
ac_ct_AR='ar'
ac_ct_CC='gcc'
ac_ct_DUMPBIN=''
am__EXEEXT_FALSE=''
am__EXEEXT_TRUE='#'
am__fastdepCC_FALSE='#'
am__fastdepCC_TRUE=''
am__include='include'
am__isrc=''
am__leading_dot='.'
am__nodep='_no'
am__quote=''
am__tar='$${TAR-tar} chof - "$$tardir"'
am__untar='$${TAR-tar} xf -'
bindir='${exec_prefix}/bin'
build='x86_64-pc-linux-gnu'
build_alias=''
build_cpu='x86_64'
build_os='linux-gnu'
build_vendor='pc'
datadir='${datarootdir}'
datarootdir='${prefix}/share'
docdir='${datarootdir}/doc/${PACKAGE_TARNAME}'
dvidir='${docdir}'
exec_prefix='${prefix}'
host='x86_64-pc-linux-gnu'
host_alias=''
host_cpu='x86_64'
host_os='linux-gnu'
host_vendor='pc'
htmldir='${docdir}'
includedir='${prefix}/include'
infodir='${datarootdir}/info'
install_sh='${SHELL} /home/bmh/github/AuCPace/scrypt-1.3.0/config.aux/install-sh'
libdir='${exec_prefix}/lib'
libexecdir='${exec_prefix}/libexec'
localedir='${datarootdir}/locale'
localstatedir='${prefix}/var'
mandir='${datarootdir}/man'
mkdir_p='$(MKDIR_P)'
oldincludedir='/usr/include'
pdfdir='${docdir}'
prefix='/usr/local'
program_transform_name='s,x,x,'
psdir='${docdir}'
sbindir='${exec_prefix}/sbin'
sharedstatedir='${prefix}/com'
sysconfdir='${prefix}/etc'
target_alias=''

## ----------- ##
## confdefs.h. ##
## ----------- ##

/* confdefs.h */
#define PACKAGE_NAME "scrypt"
#define PACKAGE_TARNAME "scrypt"
#define PACKAGE_VERSION "1.3.0"
#define PACKAGE_STRING "scrypt 1.3.0"
#define PACKAGE_BUGREPORT "https://github.com/Tarsnap/scrypt"
#define PACKAGE_URL "http://www.tarsnap.com/scrypt/"
#define PACKAGE "scrypt"
#define VERSION "1.3.0"
#define STDC_HEADERS 1
#define HAVE_SYS_TYPES_H 1
#define HAVE_SYS_STAT_H 1
#define HAVE_STDLIB_H 1
#define HAVE_STRING_H 1
#define HAVE_MEMORY_H 1
#define HAVE_STRINGS_H 1
#define HAVE_INTTYPES_H 1
#define HAVE_STDINT_H 1
#define HAVE_UNISTD_H 1
#define HAVE_DLFCN_H 1
#define LT_OBJDIR ".libs/"
#define HAVE_SYS_SYSINFO_H 1
#define HAVE_SYSINFO 1
#define HAVE_STRUCT_SYSINFO 1
#define HAVE_STRUCT_SYSINFO_TOTALRAM 1
#define HAVE_STRUCT_SYSINFO_MEM_UNIT 1
#define HAVE_SYS_PARAM_H 1
#define HAVE_OPENSSL_AES_H 1
#define HAVE_SYS_SYSCTL_H 1
#define HAVE_POSIX_MEMALIGN 1
#define HAVE_MMAP 1

configure: exit 0
